<?xml version="1.0" encoding="UTF-8"?>
<!-- Generated by org.testng.reporters.JUnitReportReporter -->
<testsuite hostname="MBOZDEMIR-NB" failures="0" tests="1" name="test.TestChild" time="0.003" errors="0" timestamp="2024-02-12T02:48:56 TRT" skipped="0">
  <testcase classname="test.TestChild" name="childTestRun" time="0.003"/>
</testsuite> <!-- test.TestChild -->
