<?xml version="1.0" encoding="UTF-8"?>
<!-- Generated by org.testng.reporters.JUnitReportReporter -->
<testsuite hostname="MBOZDEMIR-NB" failures="0" tests="9" name="test.day3" time="0.017" errors="0" timestamp="2024-02-12T02:48:56 TRT" skipped="2">
  <testcase classname="test.day3" name="LogoutAPICarLoan" time="0.002"/>
  <testcase classname="test.day3" name="MobileLoginCarLoan" time="0.001"/>
  <testcase classname="test.day3" name="LogoutAPICarLoan" time="0.002"/>
  <testcase classname="test.day3" name="WebLoginCarLoan" time="0.001"/>
  <testcase classname="test.day3" name="WebLoginCarLoan" time="0.005"/>
  <testcase classname="test.day3" name="MobileLogOutCarLoan" time="0.004"/>
  <testcase classname="test.day3" name="LogoutAPICarLoan" time="0.002"/>
  <testcase classname="test.day3" name="LoginAPICarLoan">
    <skipped/>
  </testcase> <!-- LoginAPICarLoan -->
  <testcase classname="test.day3" name="LoginAPICarLoan">
    <skipped/>
  </testcase> <!-- LoginAPICarLoan -->
</testsuite> <!-- test.day3 -->
