<?xml version="1.0" encoding="UTF-8"?>
<!-- Generated by org.testng.reporters.JUnitReportReporter -->
<testsuite hostname="MBOZDEMIR-NB" failures="0" tests="1" name="test.day2" time="0.007" errors="0" timestamp="2024-02-12T01:16:01 TRT" skipped="0">
  <testcase classname="test.day2" name="Demo" time="0.007"/>
</testsuite> <!-- test.day2 -->
