<?xml version="1.0" encoding="UTF-8"?>
<!-- Generated by org.testng.reporters.JUnitReportReporter -->
<testsuite hostname="MBOZDEMIR-NB" failures="0" tests="2" name="day1" time="0.009" errors="0" timestamp="2024-02-09T02:37:09 TRT" skipped="0">
  <testcase classname="day1" name="SecondTest" time="0.002"/>
  <testcase classname="day1" name="Demo" time="0.007"/>
</testsuite> <!-- day1 -->
