<?xml version="1.0" encoding="UTF-8"?>
<!-- Generated by org.testng.reporters.JUnitReportReporter -->
<testsuite hostname="MBOZDEMIR-NB" failures="0" tests="2" name="test.day4" time="0.002" errors="0" timestamp="2024-02-12T02:48:56 TRT" skipped="0">
  <testcase classname="test.day4" name="LoginApiHomeLoan" time="0.000"/>
  <testcase classname="test.day4" name="WebLoginHomeLoan" time="0.002"/>
</testsuite> <!-- test.day4 -->
