<?xml version="1.0" encoding="UTF-8"?>
<!-- Generated by org.testng.reporters.JUnitReportReporter -->
<testsuite hostname="MBOZDEMIR-NB" failures="0" tests="2" name="test.day3" time="0.004" errors="0" timestamp="2024-02-11T04:44:53 TRT" skipped="1">
  <testcase classname="test.day3" name="WebLoginCarLoan" time="0.004"/>
  <testcase classname="test.day3" name="LoginAPICarLoan">
    <skipped/>
  </testcase> <!-- LoginAPICarLoan -->
</testsuite> <!-- test.day3 -->
