<?xml version="1.0" encoding="UTF-8"?>
<!-- Generated by org.testng.reporters.JUnitReportReporter -->
<testsuite hostname="MBOZDEMIR-NB" failures="0" tests="7" name="test.day3" time="0.028" errors="0" timestamp="2024-02-12T01:16:01 TRT" skipped="1">
  <testcase classname="test.day3" name="MobileLoginCarLoan" time="0.004"/>
  <testcase classname="test.day3" name="LogoutAPICarLoan" time="0.008"/>
  <testcase classname="test.day3" name="LogoutAPICarLoan" time="0.005"/>
  <testcase classname="test.day3" name="MobileLogOutCarLoan" time="0.003"/>
  <testcase classname="test.day3" name="WebLoginCarLoan" time="0.005"/>
  <testcase classname="test.day3" name="LogoutAPICarLoan" time="0.003"/>
  <testcase classname="test.day3" name="LoginAPICarLoan">
    <skipped/>
  </testcase> <!-- LoginAPICarLoan -->
</testsuite> <!-- test.day3 -->
