<?xml version="1.0" encoding="UTF-8"?>
<!-- Generated by org.testng.reporters.JUnitReportReporter -->
<testsuite hostname="MBOZDEMIR-NB" failures="0" tests="5" name="test.day4" time="0.015" errors="0" timestamp="2024-02-12T01:16:01 TRT" skipped="0">
  <testcase classname="test.day4" name="MobileLoginHomeLoan" time="0.003"/>
  <testcase classname="test.day4" name="MobileLogoutHomeLoan" time="0.002"/>
  <testcase classname="test.day4" name="MobileSignUpHomeLoan" time="0.001"/>
  <testcase classname="test.day4" name="WebLoginHomeLoan" time="0.002"/>
  <testcase classname="test.day4" name="LoginApiHomeLoan" time="0.007"/>
</testsuite> <!-- test.day4 -->
