<?xml version="1.0" encoding="UTF-8"?>
<!-- Generated by org.testng.reporters.JUnitReportReporter -->
<testsuite hostname="MBOZDEMIR-NB" failures="0" tests="1" name="test.child" time="0.011" errors="0" timestamp="2024-02-12T01:36:38 TRT" skipped="0">
  <testcase classname="test.child" name="childTestRun" time="0.011"/>
</testsuite> <!-- test.child -->
